TlbImp : warning TI3019 : Interface 'IMSVidDevice2' is marked as [dual], but does not derive from IDispatch. It will be converted as an IUnknown-derived interface.
TlbImp : warning TI3012 : Type library importer encountered a property getter 'Up' on type 'DirectShow.IMSVidCompositionSegment' without a valid return type.  The importer will attempt to import this property as a method instead.
TlbImp : warning TI3012 : Type library importer encountered a property getter 'Down' on type 'DirectShow.IMSVidCompositionSegment' without a valid return type.  The importer will attempt to import this property as a method instead.
TlbImp : warning TI3016 : The type library importer could not convert the signature for the member 'DirectShow.tagBIND_OPTS2.pServerInfo'.
TlbImp : warning TI3016 : The type library importer could not convert the signature for the member 'DirectShow._COSERVERINFO.pAuthInfo'.
TlbImp : warning TI3016 : The type library importer could not convert the signature for the member 'DirectShow._COAUTHINFO.pAuthIdentityData'.
TlbImp : warning TI3016 : The type library importer could not convert the signature for the member 'DirectShow._COAUTHIDENTITY.User'.
TlbImp : warning TI3016 : The type library importer could not convert the signature for the member 'DirectShow._COAUTHIDENTITY.Domain'.
TlbImp : warning TI3016 : The type library importer could not convert the signature for the member 'DirectShow._COAUTHIDENTITY.Password'.
TlbImp : warning TI3016 : The type library importer could not convert the signature for the member 'DirectShow._AMMediaType.pbFormat'.
TlbImp : warning TI3015 : At least one of the arguments for 'DirectShow.IEnumMediaTypes.Next' cannot be marshaled by the runtime marshaler.  Such arguments will therefore be passed as a pointer and may require unsafe code to manipulate.
TlbImp : warning TI3012 : Type library importer encountered a property getter 'Graph' on type 'DirectShow.IMSVidGraphSegmentContainer' without a valid return type.  The importer will attempt to import this property as a method instead.
TlbImp : warning TI3012 : Type library importer encountered a property getter 'Input' on type 'DirectShow.IMSVidGraphSegmentContainer' without a valid return type.  The importer will attempt to import this property as a method instead.
TlbImp : warning TI3012 : Type library importer encountered a property getter 'Outputs' on type 'DirectShow.IMSVidGraphSegmentContainer' without a valid return type.  The importer will attempt to import this property as a method instead.
TlbImp : warning TI3012 : Type library importer encountered a property getter 'VideoRenderer' on type 'DirectShow.IMSVidGraphSegmentContainer' without a valid return type.  The importer will attempt to import this property as a method instead.
TlbImp : warning TI3012 : Type library importer encountered a property getter 'AudioRenderer' on type 'DirectShow.IMSVidGraphSegmentContainer' without a valid return type.  The importer will attempt to import this property as a method instead.
TlbImp : warning TI3012 : Type library importer encountered a property getter 'Features' on type 'DirectShow.IMSVidGraphSegmentContainer' without a valid return type.  The importer will attempt to import this property as a method instead.
TlbImp : warning TI3012 : Type library importer encountered a property getter 'Composites' on type 'DirectShow.IMSVidGraphSegmentContainer' without a valid return type.  The importer will attempt to import this property as a method instead.
TlbImp : warning TI3012 : Type library importer encountered a property getter 'ParentContainer' on type 'DirectShow.IMSVidGraphSegmentContainer' without a valid return type.  The importer will attempt to import this property as a method instead.
TlbImp : warning TI3016 : The type library importer could not convert the signature for the member 'DirectShow._VMRVIDEOSTREAMINFO.pddsVideoSurface'.
TlbImp : warning TI3016 : The type library importer could not convert the signature for the member 'DirectShow._VMRALPHABITMAP.pDDS'.
TlbImp : warning TI3015 : At least one of the arguments for 'DirectShow.IVMRSurfaceAllocator.AllocateSurface' cannot be marshaled by the runtime marshaler.  Such arguments will therefore be passed as a pointer and may require unsafe code to manipulate.
TlbImp : warning TI3016 : The type library importer could not convert the signature for the member 'DirectShow.tagVMRALLOCATIONINFO.lpHdr'.
TlbImp : warning TI3016 : The type library importer could not convert the signature for the member 'DirectShow.tagVMRALLOCATIONINFO.lpPixFmt'.
TlbImp : warning TI3012 : Type library importer encountered a property getter 'Graph' on type 'DirectShow.MSVidCtlClass' without a valid return type.  The importer will attempt to import this property as a method instead.
TlbImp : warning TI3012 : Type library importer encountered a property getter 'Input' on type 'DirectShow.MSVidCtlClass' without a valid return type.  The importer will attempt to import this property as a method instead.
TlbImp : warning TI3012 : Type library importer encountered a property getter 'Outputs' on type 'DirectShow.MSVidCtlClass' without a valid return type.  The importer will attempt to import this property as a method instead.
TlbImp : warning TI3012 : Type library importer encountered a property getter 'VideoRenderer' on type 'DirectShow.MSVidCtlClass' without a valid return type.  The importer will attempt to import this property as a method instead.
TlbImp : warning TI3012 : Type library importer encountered a property getter 'AudioRenderer' on type 'DirectShow.MSVidCtlClass' without a valid return type.  The importer will attempt to import this property as a method instead.
TlbImp : warning TI3012 : Type library importer encountered a property getter 'Features' on type 'DirectShow.MSVidCtlClass' without a valid return type.  The importer will attempt to import this property as a method instead.
TlbImp : warning TI3012 : Type library importer encountered a property getter 'Composites' on type 'DirectShow.MSVidCtlClass' without a valid return type.  The importer will attempt to import this property as a method instead.
TlbImp : warning TI3012 : Type library importer encountered a property getter 'ParentContainer' on type 'DirectShow.MSVidCtlClass' without a valid return type.  The importer will attempt to import this property as a method instead.
TlbImp : warning TI3012 : Type library importer encountered a property getter 'Up' on type 'DirectShow.MSVidGenericCompositeClass' without a valid return type.  The importer will attempt to import this property as a method instead.
TlbImp : warning TI3012 : Type library importer encountered a property getter 'Down' on type 'DirectShow.MSVidGenericCompositeClass' without a valid return type.  The importer will attempt to import this property as a method instead.
TlbImp : warning TI3012 : Type library importer encountered a property getter 'Up' on type 'DirectShow.MSVidAnalogCaptureToOverlayMixerClass' without a valid return type.  The importer will attempt to import this property as a method instead.
TlbImp : warning TI3012 : Type library importer encountered a property getter 'Down' on type 'DirectShow.MSVidAnalogCaptureToOverlayMixerClass' without a valid return type.  The importer will attempt to import this property as a method instead.
TlbImp : warning TI3012 : Type library importer encountered a property getter 'Up' on type 'DirectShow.MSVidAnalogCaptureToDataServicesClass' without a valid return type.  The importer will attempt to import this property as a method instead.
TlbImp : warning TI3012 : Type library importer encountered a property getter 'Down' on type 'DirectShow.MSVidAnalogCaptureToDataServicesClass' without a valid return type.  The importer will attempt to import this property as a method instead.
TlbImp : warning TI3012 : Type library importer encountered a property getter 'Up' on type 'DirectShow.MSVidWebDVDToVideoRendererClass' without a valid return type.  The importer will attempt to import this property as a method instead.
TlbImp : warning TI3012 : Type library importer encountered a property getter 'Down' on type 'DirectShow.MSVidWebDVDToVideoRendererClass' without a valid return type.  The importer will attempt to import this property as a method instead.
TlbImp : warning TI3012 : Type library importer encountered a property getter 'Up' on type 'DirectShow.MSVidWebDVDToAudioRendererClass' without a valid return type.  The importer will attempt to import this property as a method instead.
TlbImp : warning TI3012 : Type library importer encountered a property getter 'Down' on type 'DirectShow.MSVidWebDVDToAudioRendererClass' without a valid return type.  The importer will attempt to import this property as a method instead.
TlbImp : warning TI3012 : Type library importer encountered a property getter 'Up' on type 'DirectShow.MSVidMPEG2DecoderToClosedCaptioningClass' without a valid return type.  The importer will attempt to import this property as a method instead.
TlbImp : warning TI3012 : Type library importer encountered a property getter 'Down' on type 'DirectShow.MSVidMPEG2DecoderToClosedCaptioningClass' without a valid return type.  The importer will attempt to import this property as a method instead.
TlbImp : warning TI3012 : Type library importer encountered a property getter 'Up' on type 'DirectShow.MSVidAnalogCaptureToStreamBufferSinkClass' without a valid return type.  The importer will attempt to import this property as a method instead.
TlbImp : warning TI3012 : Type library importer encountered a property getter 'Down' on type 'DirectShow.MSVidAnalogCaptureToStreamBufferSinkClass' without a valid return type.  The importer will attempt to import this property as a method instead.
TlbImp : warning TI3012 : Type library importer encountered a property getter 'Up' on type 'DirectShow.MSVidDigitalCaptureToStreamBufferSinkClass' without a valid return type.  The importer will attempt to import this property as a method instead.
TlbImp : warning TI3012 : Type library importer encountered a property getter 'Down' on type 'DirectShow.MSVidDigitalCaptureToStreamBufferSinkClass' without a valid return type.  The importer will attempt to import this property as a method instead.
TlbImp : warning TI3012 : Type library importer encountered a property getter 'Up' on type 'DirectShow.MSVidDataServicesToStreamBufferSinkClass' without a valid return type.  The importer will attempt to import this property as a method instead.
TlbImp : warning TI3012 : Type library importer encountered a property getter 'Down' on type 'DirectShow.MSVidDataServicesToStreamBufferSinkClass' without a valid return type.  The importer will attempt to import this property as a method instead.
TlbImp : warning TI3012 : Type library importer encountered a property getter 'Up' on type 'DirectShow.MSVidDataServicesToXDSClass' without a valid return type.  The importer will attempt to import this property as a method instead.
TlbImp : warning TI3012 : Type library importer encountered a property getter 'Down' on type 'DirectShow.MSVidDataServicesToXDSClass' without a valid return type.  The importer will attempt to import this property as a method instead.
TlbImp : warning TI3012 : Type library importer encountered a property getter 'Up' on type 'DirectShow.MSVidEncoderToStreamBufferSinkClass' without a valid return type.  The importer will attempt to import this property as a method instead.
TlbImp : warning TI3012 : Type library importer encountered a property getter 'Down' on type 'DirectShow.MSVidEncoderToStreamBufferSinkClass' without a valid return type.  The importer will attempt to import this property as a method instead.
TlbImp : warning TI3012 : Type library importer encountered a property getter 'Up' on type 'DirectShow.MSVidFilePlaybackToVideoRendererClass' without a valid return type.  The importer will attempt to import this property as a method instead.
TlbImp : warning TI3012 : Type library importer encountered a property getter 'Down' on type 'DirectShow.MSVidFilePlaybackToVideoRendererClass' without a valid return type.  The importer will attempt to import this property as a method instead.
TlbImp : warning TI3012 : Type library importer encountered a property getter 'Up' on type 'DirectShow.MSVidFilePlaybackToAudioRendererClass' without a valid return type.  The importer will attempt to import this property as a method instead.
TlbImp : warning TI3012 : Type library importer encountered a property getter 'Down' on type 'DirectShow.MSVidFilePlaybackToAudioRendererClass' without a valid return type.  The importer will attempt to import this property as a method instead.
TlbImp : warning TI3012 : Type library importer encountered a property getter 'Up' on type 'DirectShow.MSVidAnalogTVToEncoderClass' without a valid return type.  The importer will attempt to import this property as a method instead.
TlbImp : warning TI3012 : Type library importer encountered a property getter 'Down' on type 'DirectShow.MSVidAnalogTVToEncoderClass' without a valid return type.  The importer will attempt to import this property as a method instead.
TlbImp : warning TI3012 : Type library importer encountered a property getter 'Up' on type 'DirectShow.MSVidStreamBufferSourceToVideoRendererClass' without a valid return type.  The importer will attempt to import this property as a method instead.
TlbImp : warning TI3012 : Type library importer encountered a property getter 'Down' on type 'DirectShow.MSVidStreamBufferSourceToVideoRendererClass' without a valid return type.  The importer will attempt to import this property as a method instead.
TlbImp : warning TI3012 : Type library importer encountered a property getter 'Up' on type 'DirectShow.MSVidAnalogCaptureToXDSClass' without a valid return type.  The importer will attempt to import this property as a method instead.
TlbImp : warning TI3012 : Type library importer encountered a property getter 'Down' on type 'DirectShow.MSVidAnalogCaptureToXDSClass' without a valid return type.  The importer will attempt to import this property as a method instead.
TlbImp : warning TI3012 : Type library importer encountered a property getter 'Up' on type 'DirectShow.MSVidSBESourceToCCClass' without a valid return type.  The importer will attempt to import this property as a method instead.
TlbImp : warning TI3012 : Type library importer encountered a property getter 'Down' on type 'DirectShow.MSVidSBESourceToCCClass' without a valid return type.  The importer will attempt to import this property as a method instead.
TlbImp : warning TI3012 : Type library importer encountered a property getter 'Up' on type 'DirectShow.MSVidSBESourceToGenericSinkClass' without a valid return type.  The importer will attempt to import this property as a method instead.
TlbImp : warning TI3012 : Type library importer encountered a property getter 'Down' on type 'DirectShow.MSVidSBESourceToGenericSinkClass' without a valid return type.  The importer will attempt to import this property as a method instead.
TlbImp : warning TI3012 : Type library importer encountered a property getter 'Up' on type 'DirectShow.MSVidCCToVMRClass' without a valid return type.  The importer will attempt to import this property as a method instead.
TlbImp : warning TI3012 : Type library importer encountered a property getter 'Down' on type 'DirectShow.MSVidCCToVMRClass' without a valid return type.  The importer will attempt to import this property as a method instead.
TlbImp : warning TI3012 : Type library importer encountered a property getter 'Up' on type 'DirectShow.MSVidCCToARClass' without a valid return type.  The importer will attempt to import this property as a method instead.
TlbImp : warning TI3012 : Type library importer encountered a property getter 'Down' on type 'DirectShow.MSVidCCToARClass' without a valid return type.  The importer will attempt to import this property as a method instead.
