Build started 2/9/2013 10:25:41 AM.
     1>Project "C:\Users\CarlosT\Documents\GitHub\GPUCyclops\H.264\ldecod_vc10.vcxproj" on node 2 (build target(s)).
     1>InitializeBuildStatus:
         Creating ".\ldecod\Debug_Win32_vc10\ldecod.unsuccessfulbuild" because "AlwaysCreate" was specified.
       ClCompile:
         All outputs are up-to-date.
       ManifestResourceCompile:
         All outputs are up-to-date.
       Link:
         All outputs are up-to-date.
       Manifest:
         All outputs are up-to-date.
       BscMake:
         All outputs are up-to-date.
       FinalizeBuildStatus:
         Deleting file ".\ldecod\Debug_Win32_vc10\ldecod.unsuccessfulbuild".
         Touching ".\ldecod\Debug_Win32_vc10\ldecod.lastbuildstate".
     1>Done Building Project "C:\Users\CarlosT\Documents\GitHub\GPUCyclops\H.264\ldecod_vc10.vcxproj" (build target(s)).

Build succeeded.

Time Elapsed 00:00:00.14
